<?xml version="1.0" encoding="UTF-8"?>
<!-- Generated by org.testng.reporters.JUnitXMLReporter -->
<testsuite hostname="PC351160" ignored="4" name="Test1" tests="1" failures="1" timestamp="07 Mar 2017 14:57:57 GMT" time="33.037" errors="0">
  <testcase name="@AfterTest Cleanup" time="0.257" classname="com.comcast.bulkOM.X1_DVRDCT">
    <failure type="java.lang.AssertionError" message="Exception Ocured :null">
      <![CDATA[java.lang.AssertionError: Exception Ocured :null
	at com.comcast.reporting.Report.updateTestLog(Report.java:222)
	at com.comcast.utils.SeleniumReport.reportFailEvent(SeleniumReport.java:114)
	at com.comcast.bom.data.Mongoconnect.BulkomDBCleanup(Mongoconnect.java:591)
	at com.comcast.bulkOM.X1_DVRDCT.Cleanup(X1_DVRDCT.java:172)
... Removed 24 stack frames]]>
    </failure>
  </testcase> <!-- @AfterTest Cleanup -->
  <testcase name="@AfterTest tearDown" time="0.0" classname="com.comcast.utils.ComcastTest">
    <skipped/>
  </testcase> <!-- @AfterTest tearDown -->
  <testcase name="ValidateX1_DVRDCT_CSGResidential_1" time="22.545" classname="com.comcast.bulkOM.X1_DVRDCT">
    <failure type="org.openqa.selenium.NoSuchElementException" message="Cannot locate option with value: Eligibility File Upload
For documentation on this error, please visit: http://seleniumhq.org/exceptions/no_such_element.html
Build info: version: &amp;apos;2.39.0&amp;apos;, revision: &amp;apos;14fa800511cc5d66d426e08b0b2ab926c7ed7398&amp;apos;, time: &amp;apos;2013-12-16 13:18:38&amp;apos;
System info: host: &amp;apos;PC351160&amp;apos;, ip: &amp;apos;10.226.138.135&amp;apos;, os.name: &amp;apos;Windows 7&amp;apos;, os.arch: &amp;apos;amd64&amp;apos;, os.version: &amp;apos;6.1&amp;apos;, java.version: &amp;apos;1.8.0_102&amp;apos;
Driver info: driver.version: unknown">
      <![CDATA[org.openqa.selenium.NoSuchElementException: Cannot locate option with value: Eligibility File Upload
For documentation on this error, please visit: http://seleniumhq.org/exceptions/no_such_element.html
Build info: version: '2.39.0', revision: '14fa800511cc5d66d426e08b0b2ab926c7ed7398', time: '2013-12-16 13:18:38'
System info: host: 'PC351160', ip: '10.226.138.135', os.name: 'Windows 7', os.arch: 'amd64', os.version: '6.1', java.version: '1.8.0_102'
Driver info: driver.version: unknown
	at org.openqa.selenium.support.ui.Select.selectByValue(Select.java:215)
	at com.comcast.bom.pages.BomUploadFilePage.UploadFileProg(BomUploadFilePage.java:1264)
	at com.comcast.bulkOM.X1_DVRDCT.ValidateX1_DVRDCT_CSGResidential_1(X1_DVRDCT.java:72)
	at java.util.concurrent.ThreadPoolExecutor.runWorker(Unknown Source)
	at java.util.concurrent.ThreadPoolExecutor$Worker.run(Unknown Source)
	at java.lang.Thread.run(Unknown Source)
... Removed 10 stack frames]]>
    </failure>
  </testcase> <!-- ValidateX1_DVRDCT_CSGResidential_1 -->
  <testcase name="ValidateX1_DVRDCT_CSGResidential_3" time="0.0" classname="com.comcast.bulkOM.X1_DVRDCT">
    <ignored/>
  </testcase> <!-- ValidateX1_DVRDCT_CSGResidential_3 -->
  <testcase name="ValidateX1_DVRDCT_CSGResidential_4" time="0.0" classname="com.comcast.bulkOM.X1_DVRDCT">
    <ignored/>
  </testcase> <!-- ValidateX1_DVRDCT_CSGResidential_4 -->
  <testcase name="ValidateX1_DVRDCT_CSGResidential_5" time="0.0" classname="com.comcast.bulkOM.X1_DVRDCT">
    <ignored/>
  </testcase> <!-- ValidateX1_DVRDCT_CSGResidential_5 -->
  <testcase name="ValidateX1_DVRDCT_CSGResidential_2" time="0.0" classname="com.comcast.bulkOM.X1_DVRDCT">
    <ignored/>
  </testcase> <!-- ValidateX1_DVRDCT_CSGResidential_2 -->
</testsuite> <!-- Test1 -->
